--------------------------------------------------------------------------------
CPU name:	Intel(R) Core(TM) i7-7500U CPU @ 2.70GHz
CPU type:	Intel Kabylake processor
CPU clock:	2.90 GHz
--------------------------------------------------------------------------------
--------------------------------------------------------------------------------
STRUCT,Info,3
CPU name:,Intel(R) Core(TM) i7-7500U CPU @ 2.70GHz,
CPU type:,Intel Kabylake processor,
CPU clock:,2.903340677 GHz,
TABLE,Region MatPtrVet,Group 1 Raw,FLOPS_DP,6
Region Info,HWThread 1,
RDTSC Runtime [s],0.000012,
call count,1,
Event,Counter,HWThread 1
INSTR_RETIRED_ANY,FIXC0,74379
CPU_CLK_UNHALTED_CORE,FIXC1,51626
CPU_CLK_UNHALTED_REF,FIXC2,42713
FP_ARITH_INST_RETIRED_128B_PACKED_DOUBLE,PMC0,0
FP_ARITH_INST_RETIRED_SCALAR_DOUBLE,PMC1,20010
FP_ARITH_INST_RETIRED_256B_PACKED_DOUBLE,PMC2,0
TABLE,Region MatPtrVet,Group 1 Metric,FLOPS_DP,9
Metric,HWThread 1,
Runtime (RDTSC) [s],1.187649e-05,
Runtime unhalted [s],1.778159e-05,
Clock [MHz],3509.1861,
CPI,0.6941,
DP [MFLOP/s],1684.8412,
AVX DP [MFLOP/s],0,
Packed [MUOPS/s],0,
Scalar [MUOPS/s],1684.8412,
Vectorization ratio,0,
STRUCT,Info,3
CPU name:,Intel(R) Core(TM) i7-7500U CPU @ 2.70GHz,
CPU type:,Intel Kabylake processor,
CPU clock:,2.903340677 GHz,
TABLE,Region MatPtrRowVet,Group 1 Raw,FLOPS_DP,6
Region Info,HWThread 1,
RDTSC Runtime [s],0.000012,
call count,1,
Event,Counter,HWThread 1
INSTR_RETIRED_ANY,FIXC0,74423
CPU_CLK_UNHALTED_CORE,FIXC1,49253
CPU_CLK_UNHALTED_REF,FIXC2,40777
FP_ARITH_INST_RETIRED_128B_PACKED_DOUBLE,PMC0,0
FP_ARITH_INST_RETIRED_SCALAR_DOUBLE,PMC1,20010
FP_ARITH_INST_RETIRED_256B_PACKED_DOUBLE,PMC2,0
TABLE,Region MatPtrRowVet,Group 1 Metric,FLOPS_DP,9
Metric,HWThread 1,
Runtime (RDTSC) [s],1.180900e-05,
Runtime unhalted [s],1.696425e-05,
Clock [MHz],3506.8357,
CPI,0.6618,
DP [MFLOP/s],1694.4703,
AVX DP [MFLOP/s],0,
Packed [MUOPS/s],0,
Scalar [MUOPS/s],1694.4703,
Vectorization ratio,0,
STRUCT,Info,3
CPU name:,Intel(R) Core(TM) i7-7500U CPU @ 2.70GHz,
CPU type:,Intel Kabylake processor,
CPU clock:,2.903340677 GHz,
TABLE,Region MatRowVet,Group 1 Raw,FLOPS_DP,6
Region Info,HWThread 1,
RDTSC Runtime [s],0.000012,
call count,1,
Event,Counter,HWThread 1
INSTR_RETIRED_ANY,FIXC0,74286
CPU_CLK_UNHALTED_CORE,FIXC1,48641
CPU_CLK_UNHALTED_REF,FIXC2,40172
FP_ARITH_INST_RETIRED_128B_PACKED_DOUBLE,PMC0,0
FP_ARITH_INST_RETIRED_SCALAR_DOUBLE,PMC1,20010
FP_ARITH_INST_RETIRED_256B_PACKED_DOUBLE,PMC2,0
TABLE,Region MatRowVet,Group 1 Metric,FLOPS_DP,9
Metric,HWThread 1,
Runtime (RDTSC) [s],1.171602e-05,
Runtime unhalted [s],1.675346e-05,
Clock [MHz],3515.4185,
CPI,0.6548,
DP [MFLOP/s],1707.9179,
AVX DP [MFLOP/s],0,
Packed [MUOPS/s],0,
Scalar [MUOPS/s],1707.9179,
Vectorization ratio,0,
STRUCT,Info,3
CPU name:,Intel(R) Core(TM) i7-7500U CPU @ 2.70GHz,
CPU type:,Intel Kabylake processor,
CPU clock:,2.903340677 GHz,
TABLE,Region MatMatPtr,Group 1 Raw,FLOPS_DP,6
Region Info,HWThread 1,
RDTSC Runtime [s],0.001052,
call count,1,
Event,Counter,HWThread 1
INSTR_RETIRED_ANY,FIXC0,8084481
CPU_CLK_UNHALTED_CORE,FIXC1,3625042
CPU_CLK_UNHALTED_REF,FIXC2,3014957
FP_ARITH_INST_RETIRED_128B_PACKED_DOUBLE,PMC0,0
FP_ARITH_INST_RETIRED_SCALAR_DOUBLE,PMC1,2000010
FP_ARITH_INST_RETIRED_256B_PACKED_DOUBLE,PMC2,0
TABLE,Region MatMatPtr,Group 1 Metric,FLOPS_DP,9
Metric,HWThread 1,
Runtime (RDTSC) [s],0.0011,
Runtime unhalted [s],0.0012,
Clock [MHz],3490.8398,
CPI,0.4484,
DP [MFLOP/s],1901.1755,
AVX DP [MFLOP/s],0,
Packed [MUOPS/s],0,
Scalar [MUOPS/s],1901.1755,
Vectorization ratio,0,
STRUCT,Info,3
CPU name:,Intel(R) Core(TM) i7-7500U CPU @ 2.70GHz,
CPU type:,Intel Kabylake processor,
CPU clock:,2.903340677 GHz,
TABLE,Region MatMatPtrRow,Group 1 Raw,FLOPS_DP,6
Region Info,HWThread 1,
RDTSC Runtime [s],0.001053,
call count,1,
Event,Counter,HWThread 1
INSTR_RETIRED_ANY,FIXC0,8084327
CPU_CLK_UNHALTED_CORE,FIXC1,3626052
CPU_CLK_UNHALTED_REF,FIXC2,3015683
FP_ARITH_INST_RETIRED_128B_PACKED_DOUBLE,PMC0,0
FP_ARITH_INST_RETIRED_SCALAR_DOUBLE,PMC1,2000010
FP_ARITH_INST_RETIRED_256B_PACKED_DOUBLE,PMC2,0
TABLE,Region MatMatPtrRow,Group 1 Metric,FLOPS_DP,9
Metric,HWThread 1,
Runtime (RDTSC) [s],0.0011,
Runtime unhalted [s],0.0012,
Clock [MHz],3490.9718,
CPI,0.4485,
DP [MFLOP/s],1900.1748,
AVX DP [MFLOP/s],0,
Packed [MUOPS/s],0,
Scalar [MUOPS/s],1900.1748,
Vectorization ratio,0,
STRUCT,Info,3
CPU name:,Intel(R) Core(TM) i7-7500U CPU @ 2.70GHz,
CPU type:,Intel Kabylake processor,
CPU clock:,2.903340677 GHz,
TABLE,Region MatMatRow,Group 1 Raw,FLOPS_DP,6
Region Info,HWThread 1,
RDTSC Runtime [s],0.001034,
call count,1,
Event,Counter,HWThread 1
INSTR_RETIRED_ANY,FIXC0,8084753
CPU_CLK_UNHALTED_CORE,FIXC1,3565833
CPU_CLK_UNHALTED_REF,FIXC2,2965226
FP_ARITH_INST_RETIRED_128B_PACKED_DOUBLE,PMC0,0
FP_ARITH_INST_RETIRED_SCALAR_DOUBLE,PMC1,2000010
FP_ARITH_INST_RETIRED_256B_PACKED_DOUBLE,PMC2,0
TABLE,Region MatMatRow,Group 1 Metric,FLOPS_DP,9
Metric,HWThread 1,
Runtime (RDTSC) [s],0.0010,
Runtime unhalted [s],0.0012,
Clock [MHz],3491.4128,
CPI,0.4411,
DP [MFLOP/s],1933.9950,
AVX DP [MFLOP/s],0,
Packed [MUOPS/s],0,
Scalar [MUOPS/s],1933.9950,
Vectorization ratio,0,
