--------------------------------------------------------------------------------
CPU name:	Intel(R) Core(TM) i7-7500U CPU @ 2.70GHz
CPU type:	Intel Kabylake processor
CPU clock:	2.90 GHz
--------------------------------------------------------------------------------
--------------------------------------------------------------------------------
STRUCT,Info,3
CPU name:,Intel(R) Core(TM) i7-7500U CPU @ 2.70GHz,
CPU type:,Intel Kabylake processor,
CPU clock:,2.903976138 GHz,
TABLE,Region MatPtrVet,Group 1 Raw,FLOPS_DP,6
Region Info,HWThread 1,
RDTSC Runtime [s],0.005125,
call count,1,
Event,Counter,HWThread 1
INSTR_RETIRED_ANY,FIXC0,28019580
CPU_CLK_UNHALTED_CORE,FIXC1,17835320
CPU_CLK_UNHALTED_REF,FIXC2,14832910
FP_ARITH_INST_RETIRED_128B_PACKED_DOUBLE,PMC0,0
FP_ARITH_INST_RETIRED_SCALAR_DOUBLE,PMC1,8000010
FP_ARITH_INST_RETIRED_256B_PACKED_DOUBLE,PMC2,0
TABLE,Region MatPtrVet,Group 1 Metric,FLOPS_DP,9
Metric,HWThread 1,
Runtime (RDTSC) [s],0.0051,
Runtime unhalted [s],0.0061,
Clock [MHz],3491.7857,
CPI,0.6365,
DP [MFLOP/s],1560.9678,
AVX DP [MFLOP/s],0,
Packed [MUOPS/s],0,
Scalar [MUOPS/s],1560.9678,
Vectorization ratio,0,
STRUCT,Info,3
CPU name:,Intel(R) Core(TM) i7-7500U CPU @ 2.70GHz,
CPU type:,Intel Kabylake processor,
CPU clock:,2.903976138 GHz,
TABLE,Region MatPtrRowVet,Group 1 Raw,FLOPS_DP,6
Region Info,HWThread 1,
RDTSC Runtime [s],0.005112,
call count,1,
Event,Counter,HWThread 1
INSTR_RETIRED_ANY,FIXC0,28019630
CPU_CLK_UNHALTED_CORE,FIXC1,17784470
CPU_CLK_UNHALTED_REF,FIXC2,14790310
FP_ARITH_INST_RETIRED_128B_PACKED_DOUBLE,PMC0,0
FP_ARITH_INST_RETIRED_SCALAR_DOUBLE,PMC1,8000010
FP_ARITH_INST_RETIRED_256B_PACKED_DOUBLE,PMC2,0
TABLE,Region MatPtrRowVet,Group 1 Metric,FLOPS_DP,9
Metric,HWThread 1,
Runtime (RDTSC) [s],0.0051,
Runtime unhalted [s],0.0061,
Clock [MHz],3491.8590,
CPI,0.6347,
DP [MFLOP/s],1564.9649,
AVX DP [MFLOP/s],0,
Packed [MUOPS/s],0,
Scalar [MUOPS/s],1564.9649,
Vectorization ratio,0,
STRUCT,Info,3
CPU name:,Intel(R) Core(TM) i7-7500U CPU @ 2.70GHz,
CPU type:,Intel Kabylake processor,
CPU clock:,2.903976138 GHz,
TABLE,Region MatRowVet,Group 1 Raw,FLOPS_DP,6
Region Info,HWThread 1,
RDTSC Runtime [s],0.005115,
call count,1,
Event,Counter,HWThread 1
INSTR_RETIRED_ANY,FIXC0,28017590
CPU_CLK_UNHALTED_CORE,FIXC1,17842590
CPU_CLK_UNHALTED_REF,FIXC2,14838960
FP_ARITH_INST_RETIRED_128B_PACKED_DOUBLE,PMC0,0
FP_ARITH_INST_RETIRED_SCALAR_DOUBLE,PMC1,8000010
FP_ARITH_INST_RETIRED_256B_PACKED_DOUBLE,PMC2,0
TABLE,Region MatRowVet,Group 1 Metric,FLOPS_DP,9
Metric,HWThread 1,
Runtime (RDTSC) [s],0.0051,
Runtime unhalted [s],0.0061,
Clock [MHz],3491.7848,
CPI,0.6368,
DP [MFLOP/s],1564.1223,
AVX DP [MFLOP/s],0,
Packed [MUOPS/s],0,
Scalar [MUOPS/s],1564.1223,
Vectorization ratio,0,
STRUCT,Info,3
CPU name:,Intel(R) Core(TM) i7-7500U CPU @ 2.70GHz,
CPU type:,Intel Kabylake processor,
CPU clock:,2.903976138 GHz,
TABLE,Region MatMatPtr,Group 1 Raw,FLOPS_DP,6
Region Info,HWThread 1,
RDTSC Runtime [s],33.959400,
call count,1,
Event,Counter,HWThread 1
INSTR_RETIRED_ANY,FIXC0,64032040000
CPU_CLK_UNHALTED_CORE,FIXC1,118228500000
CPU_CLK_UNHALTED_REF,FIXC2,98329780000
FP_ARITH_INST_RETIRED_128B_PACKED_DOUBLE,PMC0,0
FP_ARITH_INST_RETIRED_SCALAR_DOUBLE,PMC1,16000000000
FP_ARITH_INST_RETIRED_256B_PACKED_DOUBLE,PMC2,0
TABLE,Region MatMatPtr,Group 1 Metric,FLOPS_DP,9
Metric,HWThread 1,
Runtime (RDTSC) [s],33.9594,
Runtime unhalted [s],40.7126,
Clock [MHz],3491.6456,
CPI,1.8464,
DP [MFLOP/s],471.1508,
AVX DP [MFLOP/s],0,
Packed [MUOPS/s],0,
Scalar [MUOPS/s],471.1508,
Vectorization ratio,0,
STRUCT,Info,3
CPU name:,Intel(R) Core(TM) i7-7500U CPU @ 2.70GHz,
CPU type:,Intel Kabylake processor,
CPU clock:,2.903976138 GHz,
TABLE,Region MatMatPtrRow,Group 1 Raw,FLOPS_DP,6
Region Info,HWThread 1,
RDTSC Runtime [s],35.287900,
call count,1,
Event,Counter,HWThread 1
INSTR_RETIRED_ANY,FIXC0,64032040000
CPU_CLK_UNHALTED_CORE,FIXC1,122855300000
CPU_CLK_UNHALTED_REF,FIXC2,102182500000
FP_ARITH_INST_RETIRED_128B_PACKED_DOUBLE,PMC0,0
FP_ARITH_INST_RETIRED_SCALAR_DOUBLE,PMC1,16000000000
FP_ARITH_INST_RETIRED_256B_PACKED_DOUBLE,PMC2,0
TABLE,Region MatMatPtrRow,Group 1 Metric,FLOPS_DP,9
Metric,HWThread 1,
Runtime (RDTSC) [s],35.2879,
Runtime unhalted [s],42.3059,
Clock [MHz],3491.4869,
CPI,1.9187,
DP [MFLOP/s],453.4132,
AVX DP [MFLOP/s],0,
Packed [MUOPS/s],0,
Scalar [MUOPS/s],453.4132,
Vectorization ratio,0,
STRUCT,Info,3
CPU name:,Intel(R) Core(TM) i7-7500U CPU @ 2.70GHz,
CPU type:,Intel Kabylake processor,
CPU clock:,2.903976138 GHz,
TABLE,Region MatMatRow,Group 1 Raw,FLOPS_DP,6
Region Info,HWThread 1,
RDTSC Runtime [s],33.875800,
call count,1,
Event,Counter,HWThread 1
INSTR_RETIRED_ANY,FIXC0,64032040000
CPU_CLK_UNHALTED_CORE,FIXC1,117937000000
CPU_CLK_UNHALTED_REF,FIXC2,98095560000
FP_ARITH_INST_RETIRED_128B_PACKED_DOUBLE,PMC0,0
FP_ARITH_INST_RETIRED_SCALAR_DOUBLE,PMC1,16000000000
FP_ARITH_INST_RETIRED_256B_PACKED_DOUBLE,PMC2,0
TABLE,Region MatMatRow,Group 1 Metric,FLOPS_DP,9
Metric,HWThread 1,
Runtime (RDTSC) [s],33.8758,
Runtime unhalted [s],40.6122,
Clock [MHz],3491.3531,
CPI,1.8418,
DP [MFLOP/s],472.3136,
AVX DP [MFLOP/s],0,
Packed [MUOPS/s],0,
Scalar [MUOPS/s],472.3136,
Vectorization ratio,0,
